<?xml version="1.0" encoding="UTF-8"?>
<testng-results ignored="0" total="1" passed="1" failed="0" skipped="0">
  <reporter-output>
  </reporter-output>
  <suite started-at="2022-12-21T10:20:50 CST" name="Suite" finished-at="2022-12-21T10:21:08 CST" duration-ms="17047">
    <groups>
    </groups>
    <test started-at="2022-12-21T10:20:50 CST" name="Test" finished-at="2022-12-21T10:21:08 CST" duration-ms="17047">
      <class name="tests.TakeScreenShotAssignment">
        <test-method is-config="true" signature="setUp()[pri:0, instance:tests.TakeScreenShotAssignment@27406a17]" started-at="2022-12-21T10:20:51 CST" name="setUp" finished-at="2022-12-21T10:20:57 CST" duration-ms="6791" status="PASS">
          <reporter-output>
          </reporter-output>
        </test-method> <!-- setUp -->
        <test-method signature="testCase1()[pri:0, instance:tests.TakeScreenShotAssignment@27406a17]" started-at="2022-12-21T10:20:57 CST" name="testCase1" finished-at="2022-12-21T10:21:07 CST" duration-ms="9392" status="PASS">
          <reporter-output>
          </reporter-output>
        </test-method> <!-- testCase1 -->
        <test-method is-config="true" signature="tearDown()[pri:0, instance:tests.TakeScreenShotAssignment@27406a17]" started-at="2022-12-21T10:21:07 CST" name="tearDown" finished-at="2022-12-21T10:21:08 CST" duration-ms="776" status="PASS">
          <reporter-output>
          </reporter-output>
        </test-method> <!-- tearDown -->
      </class> <!-- tests.TakeScreenShotAssignment -->
    </test> <!-- Test -->
  </suite> <!-- Suite -->
</testng-results>
